<?xml version="1.0" encoding="UTF-8"?>
<!-- Generated by org.testng.reporters.JUnitReportReporter -->
<testsuite skipped="0" hostname="Alliances-MacBook-Pro.local" name="Test2.test2.Test1" tests="1" failures="0" timestamp="11 May 2018 14:24:39 GMT" time="5.974" errors="0">
  <testcase name="loginTest" time="5.974" classname="Test2.test2.Test1"/>
</testsuite> <!-- Test2.test2.Test1 -->
